<?xml version="1.0" encoding="UTF-8"?>
<!-- Generated by org.testng.reporters.JUnitXMLReporter -->
<testsuite ignored="6" hostname="DESKTOP-4UF8A35" failures="0" tests="3" name="AdPosting" time="376.461" errors="0" timestamp="2022-02-23T17:24:38 PKT">
  <testcase classname="AdPosting.CarAdPost" name="CarAdPostAfterLogin" time="138.086"/>
  <testcase classname="AdPosting.BikeAdPost" name="BikeAdPostAfterLogin" time="116.028"/>
  <testcase classname="AdPosting.AccessoriesAdPost" name="AccessoriesAdPostAfterLogin" time="105.981"/>
  <testcase classname="Resources.ExtentReporterNG" name="@BeforeSuite beforeSuiteSetup" time="0.0">
    <ignored/>
  </testcase> <!-- @BeforeSuite beforeSuiteSetup -->
  <testcase classname="Resources.ExtentReporterNG" name="@BeforeSuite beforeSuiteSetup" time="0.0">
    <ignored/>
  </testcase> <!-- @BeforeSuite beforeSuiteSetup -->
  <testcase classname="Resources.ExtentReporterNG" name="@AfterSuite afterSuite" time="0.0">
    <ignored/>
  </testcase> <!-- @AfterSuite afterSuite -->
  <testcase classname="Resources.ExtentReporterNG" name="@AfterSuite afterSuite" time="0.0">
    <ignored/>
  </testcase> <!-- @AfterSuite afterSuite -->
  <testcase classname="SettingDriver.SetDesiredCapabilities" name="@BeforeTest SetCapabilities" time="0.0">
    <ignored/>
  </testcase> <!-- @BeforeTest SetCapabilities -->
  <testcase classname="SettingDriver.SetDesiredCapabilities" name="@BeforeTest SetCapabilities" time="0.0">
    <ignored/>
  </testcase> <!-- @BeforeTest SetCapabilities -->
</testsuite> <!-- AdPosting -->
