<?xml version="1.0" encoding="UTF-8"?>
<!-- Generated by org.testng.reporters.JUnitXMLReporter -->
<testsuite ignored="6" hostname="DESKTOP-4UF8A35" failures="0" tests="3" name="AdPosting" time="272.272" errors="0" timestamp="2022-02-25T11:45:18 PKT">
  <testcase classname="AdPosting.CarAdPost" name="CarAdPostAfterLogin" time="146.036"/>
  <testcase classname="AdPosting.BikeAdPost" name="BikeAdPostAfterLogin" time="55.336"/>
  <testcase classname="AdPosting.AccessoriesAdPost" name="AccessoriesAdPostAfterLogin" time="57.23"/>
  <testcase classname="Resources.ExtentReporterNG" name="@BeforeSuite beforeSuiteSetup" time="0.0">
    <ignored/>
  </testcase> <!-- @BeforeSuite beforeSuiteSetup -->
  <testcase classname="Resources.ExtentReporterNG" name="@BeforeSuite beforeSuiteSetup" time="0.0">
    <ignored/>
  </testcase> <!-- @BeforeSuite beforeSuiteSetup -->
  <testcase classname="Resources.ExtentReporterNG" name="@AfterSuite afterSuite" time="0.0">
    <ignored/>
  </testcase> <!-- @AfterSuite afterSuite -->
  <testcase classname="Resources.ExtentReporterNG" name="@AfterSuite afterSuite" time="0.0">
    <ignored/>
  </testcase> <!-- @AfterSuite afterSuite -->
  <testcase classname="SettingDriver.SetDesiredCapabilities" name="@BeforeTest SetCapabilities" time="0.0">
    <ignored/>
  </testcase> <!-- @BeforeTest SetCapabilities -->
  <testcase classname="SettingDriver.SetDesiredCapabilities" name="@BeforeTest SetCapabilities" time="0.0">
    <ignored/>
  </testcase> <!-- @BeforeTest SetCapabilities -->
</testsuite> <!-- AdPosting -->
