<?xml version="1.0" encoding="UTF-8"?>
<!-- Generated by org.testng.reporters.JUnitXMLReporter -->
<testsuite ignored="12" hostname="DESKTOP-4UF8A35" failures="0" tests="12" name="LeadForms" time="634.076" errors="0" timestamp="2022-02-24T10:47:57 PKT">
  <testcase classname="LeadForms.SellItForMe" name="SellItForMeRequest_WithoutLogin" time="31.606"/>
  <testcase classname="LeadForms.SellItForMe" name="SellItForMeRequest_WithLogin" time="55.534"/>
  <testcase classname="LeadForms.InspectionRequest" name="InspectionRequest_FromMenu_WithOutLogin" time="34.357"/>
  <testcase classname="LeadForms.InspectionRequest" name="InspectionRequest_FromMenu_WithLogin" time="39.927"/>
  <testcase classname="LeadForms.Insurance" name="InsuranceRequest_WithoutLogin" time="32.849"/>
  <testcase classname="LeadForms.Insurance" name="InsuranceRequest_WithLogin" time="43.316"/>
  <testcase classname="LeadForms.Finance" name="FinanceRequest_NewCars_FromMenu_WithOutLogin" time="65.534"/>
  <testcase classname="LeadForms.Finance" name="FinanceRequest_NewCars_FromMenu_WithLogin" time="75.81"/>
  <testcase classname="LeadForms.Finance" name="FinanceRequest_UsedCars_FromMenu_WithOutLogin" time="66.469"/>
  <testcase classname="LeadForms.Finance" name="FinanceRequest_UsedCars_FromMenu_WithLogin" time="77.197"/>
  <testcase classname="LeadForms.AuctionSheet" name="AuctionSheetRequest_WithoutLogin" time="28.042"/>
  <testcase classname="LeadForms.AuctionSheet" name="AuctionSheetRequest_WithLogin" time="68.376"/>
  <testcase classname="Resources.ExtentReporterNG" name="@BeforeSuite beforeSuiteSetup" time="0.0">
    <ignored/>
  </testcase> <!-- @BeforeSuite beforeSuiteSetup -->
  <testcase classname="Resources.ExtentReporterNG" name="@BeforeSuite beforeSuiteSetup" time="0.0">
    <ignored/>
  </testcase> <!-- @BeforeSuite beforeSuiteSetup -->
  <testcase classname="Resources.ExtentReporterNG" name="@BeforeSuite beforeSuiteSetup" time="0.0">
    <ignored/>
  </testcase> <!-- @BeforeSuite beforeSuiteSetup -->
  <testcase classname="Resources.ExtentReporterNG" name="@BeforeSuite beforeSuiteSetup" time="0.0">
    <ignored/>
  </testcase> <!-- @BeforeSuite beforeSuiteSetup -->
  <testcase classname="Resources.ExtentReporterNG" name="@AfterSuite afterSuite" time="0.0">
    <ignored/>
  </testcase> <!-- @AfterSuite afterSuite -->
  <testcase classname="Resources.ExtentReporterNG" name="@AfterSuite afterSuite" time="0.0">
    <ignored/>
  </testcase> <!-- @AfterSuite afterSuite -->
  <testcase classname="Resources.ExtentReporterNG" name="@AfterSuite afterSuite" time="0.0">
    <ignored/>
  </testcase> <!-- @AfterSuite afterSuite -->
  <testcase classname="Resources.ExtentReporterNG" name="@AfterSuite afterSuite" time="0.0">
    <ignored/>
  </testcase> <!-- @AfterSuite afterSuite -->
  <testcase classname="SettingDriver.SetDesiredCapabilities" name="@BeforeTest SetCapabilities" time="0.0">
    <ignored/>
  </testcase> <!-- @BeforeTest SetCapabilities -->
  <testcase classname="SettingDriver.SetDesiredCapabilities" name="@BeforeTest SetCapabilities" time="0.0">
    <ignored/>
  </testcase> <!-- @BeforeTest SetCapabilities -->
  <testcase classname="SettingDriver.SetDesiredCapabilities" name="@BeforeTest SetCapabilities" time="0.0">
    <ignored/>
  </testcase> <!-- @BeforeTest SetCapabilities -->
  <testcase classname="SettingDriver.SetDesiredCapabilities" name="@BeforeTest SetCapabilities" time="0.0">
    <ignored/>
  </testcase> <!-- @BeforeTest SetCapabilities -->
</testsuite> <!-- LeadForms -->
