<?xml version="1.0" encoding="UTF-8"?>
<!-- Generated by org.testng.reporters.JUnitXMLReporter -->
<testsuite ignored="12" hostname="DESKTOP-4UF8A35" failures="1" tests="12" name="LeadForms" time="632.126" errors="0" timestamp="2022-02-25T11:55:50 PKT">
  <testcase classname="LeadForms.SellItForMe" name="SellItForMeRequest_WithoutLogin" time="32.602"/>
  <testcase classname="LeadForms.SellItForMe" name="SellItForMeRequest_WithLogin" time="14.276">
    <failure type="org.openqa.selenium.StaleElementReferenceException" message="The element &amp;apos;By.xpath: //android.widget.FrameLayout[@index=&amp;apos;4&amp;apos;]&amp;apos; does not exist in DOM anymore
For documentation on this error, please visit: https://www.seleniumhq.org/exceptions/stale_element_reference.html
Build info: version: &amp;apos;3.141.59&amp;apos;, revision: &amp;apos;e82be7d358&amp;apos;, time: &amp;apos;2018-11-14T08:17:03&amp;apos;
System info: host: &amp;apos;DESKTOP-4UF8A35&amp;apos;, ip: &amp;apos;192.168.101.194&amp;apos;, os.name: &amp;apos;Windows 10&amp;apos;, os.arch: &amp;apos;amd64&amp;apos;, os.version: &amp;apos;10.0&amp;apos;, java.version: &amp;apos;17.0.1&amp;apos;
Driver info: io.appium.java_client.AppiumDriver
Capabilities {appActivity: com.pakwheels.activities.ot..., appPackage: com.pakwheels.staging, automationName: UiAutomator2, databaseEnabled: false, desired: {appActivity: com.pakwheels.activities.ot..., appPackage: com.pakwheels.staging, automationName: UiAutomator2, deviceName: Redmi 9C, platformName: android, platformVersion: 10.0.0, udid: IJXKZ9HI95A6PZW4}, deviceApiLevel: 29, deviceManufacturer: Xiaomi, deviceModel: M2006C3MG, deviceName: IJXKZ9HI95A6PZW4, deviceScreenDensity: 320, deviceScreenSize: 720x1600, deviceUDID: IJXKZ9HI95A6PZW4, javascriptEnabled: true, locationContextEnabled: false, networkConnectionEnabled: true, pixelRatio: 2, platform: LINUX, platformName: Android, platformVersion: 10, statBarHeight: 55, takesScreenshot: true, udid: IJXKZ9HI95A6PZW4, viewportRect: {height: 1394, left: 0, top: 55, width: 720}, warnings: {}, webStorageEnabled: false}
Session ID: 9f3db1a0-c2f9-4411-9161-cda332bf2e86">
      <![CDATA[org.openqa.selenium.StaleElementReferenceException: The element 'By.xpath: //android.widget.FrameLayout[@index='4']' does not exist in DOM anymore
For documentation on this error, please visit: https://www.seleniumhq.org/exceptions/stale_element_reference.html
Build info: version: '3.141.59', revision: 'e82be7d358', time: '2018-11-14T08:17:03'
System info: host: 'DESKTOP-4UF8A35', ip: '192.168.101.194', os.name: 'Windows 10', os.arch: 'amd64', os.version: '10.0', java.version: '17.0.1'
Driver info: io.appium.java_client.AppiumDriver
Capabilities {appActivity: com.pakwheels.activities.ot..., appPackage: com.pakwheels.staging, automationName: UiAutomator2, databaseEnabled: false, desired: {appActivity: com.pakwheels.activities.ot..., appPackage: com.pakwheels.staging, automationName: UiAutomator2, deviceName: Redmi 9C, platformName: android, platformVersion: 10.0.0, udid: IJXKZ9HI95A6PZW4}, deviceApiLevel: 29, deviceManufacturer: Xiaomi, deviceModel: M2006C3MG, deviceName: IJXKZ9HI95A6PZW4, deviceScreenDensity: 320, deviceScreenSize: 720x1600, deviceUDID: IJXKZ9HI95A6PZW4, javascriptEnabled: true, locationContextEnabled: false, networkConnectionEnabled: true, pixelRatio: 2, platform: LINUX, platformName: Android, platformVersion: 10, statBarHeight: 55, takesScreenshot: true, udid: IJXKZ9HI95A6PZW4, viewportRect: {height: 1394, left: 0, top: 55, width: 720}, warnings: {}, webStorageEnabled: false}
Session ID: 9f3db1a0-c2f9-4411-9161-cda332bf2e86
at org.openqa.selenium.remote.http.W3CHttpResponseCodec.createException(W3CHttpResponseCodec.java:187)
at org.openqa.selenium.remote.http.W3CHttpResponseCodec.decode(W3CHttpResponseCodec.java:122)
at org.openqa.selenium.remote.http.W3CHttpResponseCodec.decode(W3CHttpResponseCodec.java:49)
at org.openqa.selenium.remote.HttpCommandExecutor.execute(HttpCommandExecutor.java:158)
at io.appium.java_client.remote.AppiumCommandExecutor.execute(AppiumCommandExecutor.java:250)
at org.openqa.selenium.remote.RemoteWebDriver.execute(RemoteWebDriver.java:552)
at io.appium.java_client.DefaultGenericMobileDriver.execute(DefaultGenericMobileDriver.java:41)
at io.appium.java_client.AppiumDriver.execute(AppiumDriver.java:1)
at org.openqa.selenium.remote.RemoteWebElement.execute(RemoteWebElement.java:285)
at io.appium.java_client.DefaultGenericMobileElement.execute(DefaultGenericMobileElement.java:45)
at io.appium.java_client.MobileElement.execute(MobileElement.java:1)
at io.appium.java_client.android.AndroidElement.execute(AndroidElement.java:1)
at org.openqa.selenium.remote.RemoteWebElement.click(RemoteWebElement.java:84)
at LeadForms.SellItForMe.SellItForMeRequest_WithLogin(SellItForMe.java:145)
at java.base/java.util.ArrayList.forEach(ArrayList.java:1511)
... Removed 32 stack frames]]>
    </failure>
  </testcase> <!-- SellItForMeRequest_WithLogin -->
  <testcase classname="LeadForms.InspectionRequest" name="InspectionRequest_FromMenu_WithOutLogin" time="33.143"/>
  <testcase classname="LeadForms.InspectionRequest" name="InspectionRequest_FromMenu_WithLogin" time="61.96"/>
  <testcase classname="LeadForms.Insurance" name="InsuranceRequest_WithoutLogin" time="33.067"/>
  <testcase classname="LeadForms.Insurance" name="InsuranceRequest_WithLogin" time="59.668"/>
  <testcase classname="LeadForms.Finance" name="FinanceRequest_NewCars_FromMenu_WithOutLogin" time="64.395"/>
  <testcase classname="LeadForms.Finance" name="FinanceRequest_NewCars_FromMenu_WithLogin" time="83.139"/>
  <testcase classname="LeadForms.Finance" name="FinanceRequest_UsedCars_FromMenu_WithOutLogin" time="67.021"/>
  <testcase classname="LeadForms.Finance" name="FinanceRequest_UsedCars_FromMenu_WithLogin" time="93.397"/>
  <testcase classname="LeadForms.AuctionSheet" name="AuctionSheetRequest_WithoutLogin" time="26.939"/>
  <testcase classname="LeadForms.AuctionSheet" name="AuctionSheetRequest_WithLogin" time="47.335"/>
  <testcase classname="Resources.ExtentReporterNG" name="@BeforeSuite beforeSuiteSetup" time="0.0">
    <ignored/>
  </testcase> <!-- @BeforeSuite beforeSuiteSetup -->
  <testcase classname="Resources.ExtentReporterNG" name="@BeforeSuite beforeSuiteSetup" time="0.0">
    <ignored/>
  </testcase> <!-- @BeforeSuite beforeSuiteSetup -->
  <testcase classname="Resources.ExtentReporterNG" name="@BeforeSuite beforeSuiteSetup" time="0.0">
    <ignored/>
  </testcase> <!-- @BeforeSuite beforeSuiteSetup -->
  <testcase classname="Resources.ExtentReporterNG" name="@BeforeSuite beforeSuiteSetup" time="0.0">
    <ignored/>
  </testcase> <!-- @BeforeSuite beforeSuiteSetup -->
  <testcase classname="Resources.ExtentReporterNG" name="@AfterSuite afterSuite" time="0.0">
    <ignored/>
  </testcase> <!-- @AfterSuite afterSuite -->
  <testcase classname="Resources.ExtentReporterNG" name="@AfterSuite afterSuite" time="0.0">
    <ignored/>
  </testcase> <!-- @AfterSuite afterSuite -->
  <testcase classname="Resources.ExtentReporterNG" name="@AfterSuite afterSuite" time="0.0">
    <ignored/>
  </testcase> <!-- @AfterSuite afterSuite -->
  <testcase classname="Resources.ExtentReporterNG" name="@AfterSuite afterSuite" time="0.0">
    <ignored/>
  </testcase> <!-- @AfterSuite afterSuite -->
  <testcase classname="SettingDriver.SetDesiredCapabilities" name="@BeforeTest SetCapabilities" time="0.0">
    <ignored/>
  </testcase> <!-- @BeforeTest SetCapabilities -->
  <testcase classname="SettingDriver.SetDesiredCapabilities" name="@BeforeTest SetCapabilities" time="0.0">
    <ignored/>
  </testcase> <!-- @BeforeTest SetCapabilities -->
  <testcase classname="SettingDriver.SetDesiredCapabilities" name="@BeforeTest SetCapabilities" time="0.0">
    <ignored/>
  </testcase> <!-- @BeforeTest SetCapabilities -->
  <testcase classname="SettingDriver.SetDesiredCapabilities" name="@BeforeTest SetCapabilities" time="0.0">
    <ignored/>
  </testcase> <!-- @BeforeTest SetCapabilities -->
</testsuite> <!-- LeadForms -->
