<?xml version="1.0" encoding="UTF-8"?>
<!-- Generated by org.testng.reporters.JUnitXMLReporter -->
<testsuite ignored="0" hostname="DESKTOP-4UF8A35" failures="1" tests="1" name="Search" time="21.473" errors="0" timestamp="2022-02-17T17:51:35 PKT">
  <testcase classname="Search.NewBikeSearch" name="Scroll" time="1.89">
    <failure type="java.lang.NullPointerException" message="Cannot invoke &amp;quot;com.aventstack.extentreports.ExtentReports.createTest(String)&amp;quot; because &amp;quot;this.extent&amp;quot; is null">
      <![CDATA[java.lang.NullPointerException: Cannot invoke "com.aventstack.extentreports.ExtentReports.createTest(String)" because "this.extent" is null
at Search.NewBikeSearch.Scroll(NewBikeSearch.java:26)
at java.base/java.util.ArrayList.forEach(ArrayList.java:1511)
... Removed 27 stack frames]]>
    </failure>
  </testcase> <!-- Scroll -->
</testsuite> <!-- Search -->
