<?xml version="1.0" encoding="UTF-8"?>
<!-- Generated by org.testng.reporters.JUnitXMLReporter -->
<testsuite ignored="0" hostname="DESKTOP-4UF8A35" failures="1" tests="1" name="Search" time="46.921" errors="0" timestamp="2022-02-25T11:56:37 PKT">
  <testcase classname="Search.NewBikeSearch" name="NewBikesSearch" time="33.089">
    <failure type="org.openqa.selenium.StaleElementReferenceException" message="The element &amp;apos;By.xpath: //android.widget.TextView[@text= &amp;apos;Honda CD 70&amp;apos;]&amp;apos; does not exist in DOM anymore
For documentation on this error, please visit: https://www.seleniumhq.org/exceptions/stale_element_reference.html
Build info: version: &amp;apos;3.141.59&amp;apos;, revision: &amp;apos;e82be7d358&amp;apos;, time: &amp;apos;2018-11-14T08:17:03&amp;apos;
System info: host: &amp;apos;DESKTOP-4UF8A35&amp;apos;, ip: &amp;apos;192.168.101.194&amp;apos;, os.name: &amp;apos;Windows 10&amp;apos;, os.arch: &amp;apos;amd64&amp;apos;, os.version: &amp;apos;10.0&amp;apos;, java.version: &amp;apos;17.0.1&amp;apos;
Driver info: io.appium.java_client.AppiumDriver
Capabilities {appActivity: com.pakwheels.activities.ot..., appPackage: com.pakwheels.staging, automationName: UiAutomator2, databaseEnabled: false, desired: {appActivity: com.pakwheels.activities.ot..., appPackage: com.pakwheels.staging, automationName: UiAutomator2, deviceName: Redmi 9C, platformName: android, platformVersion: 10.0.0, udid: IJXKZ9HI95A6PZW4}, deviceApiLevel: 29, deviceManufacturer: Xiaomi, deviceModel: M2006C3MG, deviceName: IJXKZ9HI95A6PZW4, deviceScreenDensity: 320, deviceScreenSize: 720x1600, deviceUDID: IJXKZ9HI95A6PZW4, javascriptEnabled: true, locationContextEnabled: false, networkConnectionEnabled: true, pixelRatio: 2, platform: LINUX, platformName: Android, platformVersion: 10, statBarHeight: 55, takesScreenshot: true, udid: IJXKZ9HI95A6PZW4, viewportRect: {height: 1394, left: 0, top: 55, width: 720}, warnings: {}, webStorageEnabled: false}
Session ID: 2f30cba3-e0fd-43dc-b1ed-bc463eeb84f9">
      <![CDATA[org.openqa.selenium.StaleElementReferenceException: The element 'By.xpath: //android.widget.TextView[@text= 'Honda CD 70']' does not exist in DOM anymore
For documentation on this error, please visit: https://www.seleniumhq.org/exceptions/stale_element_reference.html
Build info: version: '3.141.59', revision: 'e82be7d358', time: '2018-11-14T08:17:03'
System info: host: 'DESKTOP-4UF8A35', ip: '192.168.101.194', os.name: 'Windows 10', os.arch: 'amd64', os.version: '10.0', java.version: '17.0.1'
Driver info: io.appium.java_client.AppiumDriver
Capabilities {appActivity: com.pakwheels.activities.ot..., appPackage: com.pakwheels.staging, automationName: UiAutomator2, databaseEnabled: false, desired: {appActivity: com.pakwheels.activities.ot..., appPackage: com.pakwheels.staging, automationName: UiAutomator2, deviceName: Redmi 9C, platformName: android, platformVersion: 10.0.0, udid: IJXKZ9HI95A6PZW4}, deviceApiLevel: 29, deviceManufacturer: Xiaomi, deviceModel: M2006C3MG, deviceName: IJXKZ9HI95A6PZW4, deviceScreenDensity: 320, deviceScreenSize: 720x1600, deviceUDID: IJXKZ9HI95A6PZW4, javascriptEnabled: true, locationContextEnabled: false, networkConnectionEnabled: true, pixelRatio: 2, platform: LINUX, platformName: Android, platformVersion: 10, statBarHeight: 55, takesScreenshot: true, udid: IJXKZ9HI95A6PZW4, viewportRect: {height: 1394, left: 0, top: 55, width: 720}, warnings: {}, webStorageEnabled: false}
Session ID: 2f30cba3-e0fd-43dc-b1ed-bc463eeb84f9
at org.openqa.selenium.remote.http.W3CHttpResponseCodec.createException(W3CHttpResponseCodec.java:187)
at org.openqa.selenium.remote.http.W3CHttpResponseCodec.decode(W3CHttpResponseCodec.java:122)
at org.openqa.selenium.remote.http.W3CHttpResponseCodec.decode(W3CHttpResponseCodec.java:49)
at org.openqa.selenium.remote.HttpCommandExecutor.execute(HttpCommandExecutor.java:158)
at io.appium.java_client.remote.AppiumCommandExecutor.execute(AppiumCommandExecutor.java:250)
at org.openqa.selenium.remote.RemoteWebDriver.execute(RemoteWebDriver.java:552)
at io.appium.java_client.DefaultGenericMobileDriver.execute(DefaultGenericMobileDriver.java:41)
at io.appium.java_client.AppiumDriver.execute(AppiumDriver.java:1)
at org.openqa.selenium.remote.RemoteWebElement.execute(RemoteWebElement.java:285)
at io.appium.java_client.DefaultGenericMobileElement.execute(DefaultGenericMobileElement.java:45)
at io.appium.java_client.MobileElement.execute(MobileElement.java:1)
at io.appium.java_client.android.AndroidElement.execute(AndroidElement.java:1)
at org.openqa.selenium.remote.RemoteWebElement.getText(RemoteWebElement.java:166)
at Search.NewBikeSearch.NewBikesSearch(NewBikeSearch.java:93)
at java.base/java.util.ArrayList.forEach(ArrayList.java:1511)
... Removed 32 stack frames]]>
    </failure>
  </testcase> <!-- NewBikesSearch -->
</testsuite> <!-- Search -->
