<?xml version="1.0" encoding="UTF-8"?>
<!-- Generated by org.testng.reporters.JUnitXMLReporter -->
<testsuite ignored="0" hostname="DESKTOP-4UF8A35" failures="2" tests="2" name="Sign-up" time="1.391" errors="0" timestamp="2022-02-24T18:06:07 PKT">
  <testcase classname="SettingDriver.SignUp" name="SignUpViaEmail" time="0.018">
    <failure type="java.lang.NullPointerException" message="Cannot invoke &amp;quot;io.appium.java_client.AppiumDriver.manage()&amp;quot; because &amp;quot;SettingDriver.AllCommonMethods.driver&amp;quot; is null">
      <![CDATA[java.lang.NullPointerException: Cannot invoke "io.appium.java_client.AppiumDriver.manage()" because "SettingDriver.AllCommonMethods.driver" is null
at SettingDriver.AllCommonMethods.SetApplicationLanguage(AllCommonMethods.java:60)
at SettingDriver.SignUp.SignUpViaEmail(SignUp.java:24)
at java.base/java.util.ArrayList.forEach(ArrayList.java:1511)
... Removed 27 stack frames]]>
    </failure>
  </testcase> <!-- SignUpViaEmail -->
  <testcase classname="SettingDriver.SignUp" name="SignUpViaEmail" time="0.029">
    <failure type="java.lang.NullPointerException" message="Cannot invoke &amp;quot;org.openqa.selenium.TakesScreenshot.getScreenshotAs(org.openqa.selenium.OutputType)&amp;quot; because &amp;quot;SettingDriver.SetDesiredCapabilities.driver&amp;quot; is null">
      <![CDATA[java.lang.NullPointerException: Cannot invoke "org.openqa.selenium.TakesScreenshot.getScreenshotAs(org.openqa.selenium.OutputType)" because "SettingDriver.SetDesiredCapabilities.driver" is null
at SettingDriver.SetDesiredCapabilities.getScreenshot(SetDesiredCapabilities.java:54)
at Resources.Listeners.onTestFailure(Listeners.java:24)
at java.base/java.util.ArrayList.forEach(ArrayList.java:1511)
... Removed 24 stack frames]]>
    </failure>
  </testcase> <!-- SignUpViaEmail -->
</testsuite> <!-- Sign-up -->
