<?xml version="1.0" encoding="UTF-8"?>
<!-- Generated by org.testng.reporters.JUnitXMLReporter -->
<testsuite ignored="0" hostname="DESKTOP-4UF8A35" failures="1" tests="1" name="Test" time="100.026" errors="0" timestamp="2022-02-11T23:35:09 PKT">
  <testcase classname="TestScripts.InsuranceRequest" name="Insurance_WithOutLogin" time="79.844">
    <failure type="org.openqa.selenium.NoSuchElementException" message="An element could not be located on the page using the given search parameters.
For documentation on this error, please visit: https://www.seleniumhq.org/exceptions/no_such_element.html
Build info: version: &amp;apos;3.141.59&amp;apos;, revision: &amp;apos;e82be7d358&amp;apos;, time: &amp;apos;2018-11-14T08:17:03&amp;apos;
System info: host: &amp;apos;DESKTOP-4UF8A35&amp;apos;, ip: &amp;apos;192.168.0.104&amp;apos;, os.name: &amp;apos;Windows 10&amp;apos;, os.arch: &amp;apos;amd64&amp;apos;, os.version: &amp;apos;10.0&amp;apos;, java.version: &amp;apos;17.0.1&amp;apos;
Driver info: io.appium.java_client.AppiumDriver
Capabilities {appActivity: com.pakwheels.activities.ot..., appPackage: com.pakwheels.staging, automationName: UiAutomator2, databaseEnabled: false, desired: {appActivity: com.pakwheels.activities.ot..., appPackage: com.pakwheels.staging, automationName: UiAutomator2, deviceName: Redmi 9C, platformName: android, platformVersion: 10.0.0, udid: IJXKZ9HI95A6PZW4}, deviceApiLevel: 29, deviceManufacturer: Xiaomi, deviceModel: M2006C3MG, deviceName: IJXKZ9HI95A6PZW4, deviceScreenDensity: 320, deviceScreenSize: 720x1600, deviceUDID: IJXKZ9HI95A6PZW4, javascriptEnabled: true, locationContextEnabled: false, networkConnectionEnabled: true, pixelRatio: 2, platform: LINUX, platformName: Android, platformVersion: 10, statBarHeight: 55, takesScreenshot: true, udid: IJXKZ9HI95A6PZW4, viewportRect: {height: 1394, left: 0, top: 55, width: 720}, warnings: {}, webStorageEnabled: false}
Session ID: c4cec21c-7b41-4a91-a53a-8f18daaee13b
*** Element info: {Using=xpath, value=//android.widget.Button[@text=&amp;apos;Apply Now&amp;apos;]}">
      <![CDATA[org.openqa.selenium.NoSuchElementException: An element could not be located on the page using the given search parameters.
For documentation on this error, please visit: https://www.seleniumhq.org/exceptions/no_such_element.html
Build info: version: '3.141.59', revision: 'e82be7d358', time: '2018-11-14T08:17:03'
System info: host: 'DESKTOP-4UF8A35', ip: '192.168.0.104', os.name: 'Windows 10', os.arch: 'amd64', os.version: '10.0', java.version: '17.0.1'
Driver info: io.appium.java_client.AppiumDriver
Capabilities {appActivity: com.pakwheels.activities.ot..., appPackage: com.pakwheels.staging, automationName: UiAutomator2, databaseEnabled: false, desired: {appActivity: com.pakwheels.activities.ot..., appPackage: com.pakwheels.staging, automationName: UiAutomator2, deviceName: Redmi 9C, platformName: android, platformVersion: 10.0.0, udid: IJXKZ9HI95A6PZW4}, deviceApiLevel: 29, deviceManufacturer: Xiaomi, deviceModel: M2006C3MG, deviceName: IJXKZ9HI95A6PZW4, deviceScreenDensity: 320, deviceScreenSize: 720x1600, deviceUDID: IJXKZ9HI95A6PZW4, javascriptEnabled: true, locationContextEnabled: false, networkConnectionEnabled: true, pixelRatio: 2, platform: LINUX, platformName: Android, platformVersion: 10, statBarHeight: 55, takesScreenshot: true, udid: IJXKZ9HI95A6PZW4, viewportRect: {height: 1394, left: 0, top: 55, width: 720}, warnings: {}, webStorageEnabled: false}
Session ID: c4cec21c-7b41-4a91-a53a-8f18daaee13b
*** Element info: {Using=xpath, value=//android.widget.Button[@text='Apply Now']}
at org.openqa.selenium.remote.http.W3CHttpResponseCodec.createException(W3CHttpResponseCodec.java:187)
at org.openqa.selenium.remote.http.W3CHttpResponseCodec.decode(W3CHttpResponseCodec.java:122)
at org.openqa.selenium.remote.http.W3CHttpResponseCodec.decode(W3CHttpResponseCodec.java:49)
at org.openqa.selenium.remote.HttpCommandExecutor.execute(HttpCommandExecutor.java:158)
at io.appium.java_client.remote.AppiumCommandExecutor.execute(AppiumCommandExecutor.java:250)
at org.openqa.selenium.remote.RemoteWebDriver.execute(RemoteWebDriver.java:552)
at io.appium.java_client.DefaultGenericMobileDriver.execute(DefaultGenericMobileDriver.java:41)
at io.appium.java_client.AppiumDriver.execute(AppiumDriver.java:1)
at org.openqa.selenium.remote.RemoteWebDriver.findElement(RemoteWebDriver.java:323)
at io.appium.java_client.DefaultGenericMobileDriver.findElement(DefaultGenericMobileDriver.java:61)
at io.appium.java_client.AppiumDriver.findElement(AppiumDriver.java:1)
at org.openqa.selenium.remote.RemoteWebDriver.findElementByXPath(RemoteWebDriver.java:428)
at io.appium.java_client.DefaultGenericMobileDriver.findElementByXPath(DefaultGenericMobileDriver.java:151)
at io.appium.java_client.AppiumDriver.findElementByXPath(AppiumDriver.java:1)
at org.openqa.selenium.By$ByXPath.findElement(By.java:353)
at org.openqa.selenium.remote.RemoteWebDriver.findElement(RemoteWebDriver.java:315)
at io.appium.java_client.DefaultGenericMobileDriver.findElement(DefaultGenericMobileDriver.java:57)
at io.appium.java_client.AppiumDriver.findElement(AppiumDriver.java:1)
at TestScripts.InsuranceRequest.Insurance_WithOutLogin(InsuranceRequest.java:35)
at java.base/java.util.ArrayList.forEach(ArrayList.java:1511)
... Removed 32 stack frames]]>
    </failure>
  </testcase> <!-- Insurance_WithOutLogin -->
</testsuite> <!-- Test -->
