<?xml version="1.0" encoding="UTF-8"?>
<testng-results ignored="0" total="1" passed="1" failed="0" skipped="0">
  <reporter-output>
  </reporter-output>
  <suite started-at="2022-02-21T21:45:32 PKT" name="Suite" finished-at="2022-02-21T21:46:48 PKT" duration-ms="76495">
    <groups>
    </groups>
    <test started-at="2022-02-21T21:45:32 PKT" name="Search" finished-at="2022-02-21T21:46:48 PKT" duration-ms="76495">
      <class name="Search.NewBikeSearch">
        <test-method is-config="true" signature="beforeSuiteSetup()[pri:0, instance:Search.NewBikeSearch@2a8448fa]" started-at="2022-02-21T21:45:32 PKT" name="beforeSuiteSetup" finished-at="2022-02-21T21:45:32 PKT" duration-ms="225" status="PASS">
          <reporter-output>
          </reporter-output>
        </test-method> <!-- beforeSuiteSetup -->
        <test-method is-config="true" signature="SetCapabilities()[pri:0, instance:Search.NewBikeSearch@2a8448fa]" started-at="2022-02-21T21:45:32 PKT" name="SetCapabilities" finished-at="2022-02-21T21:45:46 PKT" duration-ms="14364" status="PASS">
          <reporter-output>
          </reporter-output>
        </test-method> <!-- SetCapabilities -->
        <test-method signature="Scroll()[pri:0, instance:Search.NewBikeSearch@2a8448fa]" started-at="2022-02-21T21:45:46 PKT" name="Scroll" finished-at="2022-02-21T21:46:48 PKT" duration-ms="62053" status="PASS">
          <reporter-output>
          </reporter-output>
        </test-method> <!-- Scroll -->
        <test-method is-config="true" signature="afterSuite()[pri:0, instance:Search.NewBikeSearch@2a8448fa]" started-at="2022-02-21T21:46:48 PKT" name="afterSuite" finished-at="2022-02-21T21:46:49 PKT" duration-ms="484" status="PASS">
          <reporter-output>
          </reporter-output>
        </test-method> <!-- afterSuite -->
      </class> <!-- Search.NewBikeSearch -->
    </test> <!-- Search -->
  </suite> <!-- Suite -->
</testng-results>
